<?xml version="1.0" encoding="UTF-8"?>
<!-- Generated by org.testng.reporters.JUnitXMLReporter -->
<testsuite hostname="LENOVO-PC" ignored="0" name="Default test" tests="3" failures="0" timestamp="12 Aug 2020 13:01:30 GMT" time="46.545" errors="0">
  <testcase name="bookTicketForRedBus" time="19.739" classname="tests.RedBusHomePageTest"/>
  <testcase name="checkLogoOfHomePage" time="0.01" classname="tests.RedBusHomePageTest">
    <skipped/>
  </testcase> <!-- checkLogoOfHomePage -->
  <testcase name="checkTitle" time="4.895" classname="tests.RedBusHomePageTest"/>
</testsuite> <!-- Default test -->
