<?xml version="1.0" encoding="UTF-8"?>
<!-- Generated by org.testng.reporters.JUnitXMLReporter -->
<testsuite hostname="LENOVO-PC" ignored="0" name="Test" tests="3" failures="0" timestamp="08 Aug 2020 18:37:28 GMT" time="47.837" errors="0">
  <testcase name="bookTicketForRedBus" time="25.617" classname="tests.RedBusHomePageTest"/>
  <testcase name="checkLogoOfHomePage" time="4.057" classname="tests.RedBusHomePageTest"/>
  <testcase name="checkTitle" time="4.52" classname="tests.RedBusHomePageTest"/>
</testsuite> <!-- Test -->
