<?xml version="1.0" encoding="UTF-8"?>
<testng-results skipped="0" failed="1" ignored="0" total="4" passed="3">
  <reporter-output>
  </reporter-output>
  <suite name="Default suite" duration-ms="76167" started-at="2020-08-08T17:55:31Z" finished-at="2020-08-08T17:56:48Z">
    <groups>
    </groups>
    <test name="Default test" duration-ms="76167" started-at="2020-08-08T17:55:31Z" finished-at="2020-08-08T17:56:48Z">
      <class name="tests.BusHireTest">
        <test-method status="PASS" signature="launchDriver()[pri:0, instance:tests.BusHireTest@7b98f307]" name="launchDriver" is-config="true" duration-ms="9365" started-at="2020-08-08T17:56:09Z" finished-at="2020-08-08T17:56:18Z">
          <reporter-output>
          </reporter-output>
        </test-method> <!-- launchDriver -->
        <test-method status="PASS" signature="launchURL()[pri:0, instance:tests.BusHireTest@7b98f307]" name="launchURL" is-config="true" duration-ms="8080" started-at="2020-08-08T17:56:18Z" finished-at="2020-08-08T17:56:26Z">
          <reporter-output>
          </reporter-output>
        </test-method> <!-- launchURL -->
        <test-method status="PASS" signature="clickOnBusHiretab()[pri:0, instance:tests.BusHireTest@7b98f307]" name="clickOnBusHiretab" duration-ms="21293" started-at="2020-08-08T17:56:26Z" finished-at="2020-08-08T17:56:48Z">
          <reporter-output>
          </reporter-output>
        </test-method> <!-- clickOnBusHiretab -->
        <test-method status="PASS" signature="closeDriver()[pri:0, instance:tests.BusHireTest@7b98f307]" name="closeDriver" is-config="true" duration-ms="1" started-at="2020-08-08T17:56:48Z" finished-at="2020-08-08T17:56:48Z">
          <reporter-output>
          </reporter-output>
        </test-method> <!-- closeDriver -->
      </class> <!-- tests.BusHireTest -->
      <class name="tests.RedBusHomePageTest">
        <test-method status="PASS" signature="launchDriver()[pri:0, instance:tests.RedBusHomePageTest@71d44a3]" name="launchDriver" is-config="true" duration-ms="5012" started-at="2020-08-08T17:55:31Z" finished-at="2020-08-08T17:55:36Z">
          <reporter-output>
          </reporter-output>
        </test-method> <!-- launchDriver -->
        <test-method status="PASS" signature="launchURL()[pri:0, instance:tests.RedBusHomePageTest@71d44a3]" name="launchURL" is-config="true" duration-ms="5763" started-at="2020-08-08T17:55:36Z" finished-at="2020-08-08T17:55:42Z">
          <reporter-output>
          </reporter-output>
        </test-method> <!-- launchURL -->
        <test-method status="FAIL" signature="bookTicketForRedBus()[pri:0, instance:tests.RedBusHomePageTest@71d44a3]" name="bookTicketForRedBus" duration-ms="20036" started-at="2020-08-08T17:55:42Z" finished-at="2020-08-08T17:56:02Z">
          <exception class="org.openqa.selenium.NoSuchElementException">
            <message>
              <![CDATA[no such element: Unable to locate element: {"method":"xpath","selector":"//i[@class='icon icon-close']"}
  (Session info: chrome=84.0.4147.89)
  (Driver info: chromedriver=2.40.565498 (ea082db3280dd6843ebfb08a625e3eb905c4f5ab),platform=Windows NT 6.1.7600 x86_64) (WARNING: The server did not provide any stacktrace information)
Command duration or timeout: 0 milliseconds
For documentation on this error, please visit: https://www.seleniumhq.org/exceptions/no_such_element.html
Build info: version: '3.141.59', revision: 'e82be7d358', time: '2018-11-14T08:17:03'
System info: host: 'LENOVO-PC', ip: '192.168.100.3', os.name: 'Windows 7', os.arch: 'amd64', os.version: '6.1', java.version: '1.8.0_201'
Driver info: org.openqa.selenium.chrome.ChromeDriver
Capabilities {acceptInsecureCerts: false, acceptSslCerts: false, applicationCacheEnabled: false, browserConnectionEnabled: false, browserName: chrome, chrome: {chromedriverVersion: 2.40.565498 (ea082db3280dd6..., userDataDir: C:\Users\LENOVO\AppData\Loc...}, cssSelectorsEnabled: true, databaseEnabled: false, handlesAlerts: true, hasTouchScreen: false, javascriptEnabled: true, locationContextEnabled: true, mobileEmulationEnabled: false, nativeEvents: true, networkConnectionEnabled: false, pageLoadStrategy: normal, platform: XP, platformName: XP, rotatable: false, setWindowRect: true, takesHeapSnapshot: true, takesScreenshot: true, unexpectedAlertBehaviour: , unhandledPromptBehavior: , version: 84.0.4147.89, webStorageEnabled: true}
Session ID: 3086cd330b702f4ffa070afcf856f069
*** Element info: {Using=xpath, value=//i[@class='icon icon-close']}]]>
            </message>
            <full-stacktrace>
              <![CDATA[org.openqa.selenium.NoSuchElementException: no such element: Unable to locate element: {"method":"xpath","selector":"//i[@class='icon icon-close']"}
  (Session info: chrome=84.0.4147.89)
  (Driver info: chromedriver=2.40.565498 (ea082db3280dd6843ebfb08a625e3eb905c4f5ab),platform=Windows NT 6.1.7600 x86_64) (WARNING: The server did not provide any stacktrace information)
Command duration or timeout: 0 milliseconds
For documentation on this error, please visit: https://www.seleniumhq.org/exceptions/no_such_element.html
Build info: version: '3.141.59', revision: 'e82be7d358', time: '2018-11-14T08:17:03'
System info: host: 'LENOVO-PC', ip: '192.168.100.3', os.name: 'Windows 7', os.arch: 'amd64', os.version: '6.1', java.version: '1.8.0_201'
Driver info: org.openqa.selenium.chrome.ChromeDriver
Capabilities {acceptInsecureCerts: false, acceptSslCerts: false, applicationCacheEnabled: false, browserConnectionEnabled: false, browserName: chrome, chrome: {chromedriverVersion: 2.40.565498 (ea082db3280dd6..., userDataDir: C:\Users\LENOVO\AppData\Loc...}, cssSelectorsEnabled: true, databaseEnabled: false, handlesAlerts: true, hasTouchScreen: false, javascriptEnabled: true, locationContextEnabled: true, mobileEmulationEnabled: false, nativeEvents: true, networkConnectionEnabled: false, pageLoadStrategy: normal, platform: XP, platformName: XP, rotatable: false, setWindowRect: true, takesHeapSnapshot: true, takesScreenshot: true, unexpectedAlertBehaviour: , unhandledPromptBehavior: , version: 84.0.4147.89, webStorageEnabled: true}
Session ID: 3086cd330b702f4ffa070afcf856f069
*** Element info: {Using=xpath, value=//i[@class='icon icon-close']}
at sun.reflect.NativeConstructorAccessorImpl.newInstance0(Native Method)
at sun.reflect.NativeConstructorAccessorImpl.newInstance(NativeConstructorAccessorImpl.java:62)
at sun.reflect.DelegatingConstructorAccessorImpl.newInstance(DelegatingConstructorAccessorImpl.java:45)
at java.lang.reflect.Constructor.newInstance(Constructor.java:423)
at org.openqa.selenium.remote.ErrorHandler.createThrowable(ErrorHandler.java:214)
at org.openqa.selenium.remote.ErrorHandler.throwIfResponseFailed(ErrorHandler.java:166)
at org.openqa.selenium.remote.http.JsonHttpResponseCodec.reconstructValue(JsonHttpResponseCodec.java:40)
at org.openqa.selenium.remote.http.AbstractHttpResponseCodec.decode(AbstractHttpResponseCodec.java:80)
at org.openqa.selenium.remote.http.AbstractHttpResponseCodec.decode(AbstractHttpResponseCodec.java:44)
at org.openqa.selenium.remote.HttpCommandExecutor.execute(HttpCommandExecutor.java:158)
at org.openqa.selenium.remote.service.DriverCommandExecutor.execute(DriverCommandExecutor.java:83)
at org.openqa.selenium.remote.RemoteWebDriver.execute(RemoteWebDriver.java:552)
at org.openqa.selenium.remote.RemoteWebDriver.findElement(RemoteWebDriver.java:323)
at org.openqa.selenium.remote.RemoteWebDriver.findElementByXPath(RemoteWebDriver.java:428)
at org.openqa.selenium.By$ByXPath.findElement(By.java:353)
at org.openqa.selenium.remote.RemoteWebDriver.findElement(RemoteWebDriver.java:315)
at org.openqa.selenium.support.pagefactory.DefaultElementLocator.findElement(DefaultElementLocator.java:69)
at org.openqa.selenium.support.pagefactory.internal.LocatingElementHandler.invoke(LocatingElementHandler.java:38)
at com.sun.proxy.$Proxy27.click(Unknown Source)
at pages.RedBusHomePage.safetypop_up(RedBusHomePage.java:125)
at tests.RedBusHomePageTest.bookTicketForRedBus(RedBusHomePageTest.java:34)
at sun.reflect.NativeMethodAccessorImpl.invoke0(Native Method)
at sun.reflect.NativeMethodAccessorImpl.invoke(NativeMethodAccessorImpl.java:62)
at sun.reflect.DelegatingMethodAccessorImpl.invoke(DelegatingMethodAccessorImpl.java:43)
at java.lang.reflect.Method.invoke(Method.java:498)
at org.testng.internal.MethodInvocationHelper.invokeMethod(MethodInvocationHelper.java:124)
at org.testng.internal.Invoker.invokeMethod(Invoker.java:583)
at org.testng.internal.Invoker.invokeTestMethod(Invoker.java:719)
at org.testng.internal.Invoker.invokeTestMethods(Invoker.java:989)
at org.testng.internal.TestMethodWorker.invokeTestMethods(TestMethodWorker.java:125)
at org.testng.internal.TestMethodWorker.run(TestMethodWorker.java:109)
at org.testng.TestRunner.privateRun(TestRunner.java:648)
at org.testng.TestRunner.run(TestRunner.java:505)
at org.testng.SuiteRunner.runTest(SuiteRunner.java:455)
at org.testng.SuiteRunner.runSequentially(SuiteRunner.java:450)
at org.testng.SuiteRunner.privateRun(SuiteRunner.java:415)
at org.testng.SuiteRunner.run(SuiteRunner.java:364)
at org.testng.SuiteRunnerWorker.runSuite(SuiteRunnerWorker.java:52)
at org.testng.SuiteRunnerWorker.run(SuiteRunnerWorker.java:84)
at org.testng.TestNG.runSuitesSequentially(TestNG.java:1208)
at org.testng.TestNG.runSuitesLocally(TestNG.java:1137)
at org.testng.TestNG.runSuites(TestNG.java:1049)
at org.testng.TestNG.run(TestNG.java:1017)
at org.testng.remote.AbstractRemoteTestNG.run(AbstractRemoteTestNG.java:114)
at org.testng.remote.RemoteTestNG.initAndRun(RemoteTestNG.java:251)
at org.testng.remote.RemoteTestNG.main(RemoteTestNG.java:77)
]]>
            </full-stacktrace>
          </exception> <!-- org.openqa.selenium.NoSuchElementException -->
          <reporter-output>
          </reporter-output>
        </test-method> <!-- bookTicketForRedBus -->
        <test-method status="PASS" signature="launchURL()[pri:0, instance:tests.RedBusHomePageTest@71d44a3]" name="launchURL" is-config="true" duration-ms="825" started-at="2020-08-08T17:56:02Z" finished-at="2020-08-08T17:56:03Z">
          <reporter-output>
          </reporter-output>
        </test-method> <!-- launchURL -->
        <test-method status="PASS" signature="checkLogoOfHomePage()[pri:0, instance:tests.RedBusHomePageTest@71d44a3]" name="checkLogoOfHomePage" duration-ms="2118" started-at="2020-08-08T17:56:03Z" finished-at="2020-08-08T17:56:05Z">
          <reporter-output>
          </reporter-output>
        </test-method> <!-- checkLogoOfHomePage -->
        <test-method status="PASS" signature="launchURL()[pri:0, instance:tests.RedBusHomePageTest@71d44a3]" name="launchURL" is-config="true" duration-ms="644" started-at="2020-08-08T17:56:05Z" finished-at="2020-08-08T17:56:06Z">
          <reporter-output>
          </reporter-output>
        </test-method> <!-- launchURL -->
        <test-method status="PASS" signature="checkTitle()[pri:0, instance:tests.RedBusHomePageTest@71d44a3]" name="checkTitle" duration-ms="2984" started-at="2020-08-08T17:56:06Z" finished-at="2020-08-08T17:56:09Z">
          <reporter-output>
          </reporter-output>
        </test-method> <!-- checkTitle -->
        <test-method status="PASS" signature="closeDriver()[pri:0, instance:tests.RedBusHomePageTest@71d44a3]" name="closeDriver" is-config="true" duration-ms="0" started-at="2020-08-08T17:56:09Z" finished-at="2020-08-08T17:56:09Z">
          <reporter-output>
          </reporter-output>
        </test-method> <!-- closeDriver -->
      </class> <!-- tests.RedBusHomePageTest -->
    </test> <!-- Default test -->
  </suite> <!-- Default suite -->
</testng-results>
